{"message":"Server running on http://localhost:3000","level":"info"}
{"message":"Server running on http://localhost:3000","level":"info"}
{"message":"Server running on http://localhost:3000","level":"info"}
{"message":"Server running on http://localhost:3000","level":"info"}
{"message":"Server running on http://localhost:3000","level":"info"}
{"message":"Server running on http://localhost:3000","level":"info"}
{"message":"Server running on http://localhost:3000","level":"info"}
{"message":"Server running on http://localhost:3000","level":"info"}
{"message":"Server running on http://localhost:3000","level":"info"}
{"message":"Server running on http://localhost:3000","level":"info"}
{"message":"Server running on http://localhost:3000","level":"info"}
{"message":"Server running on http://localhost:3000","level":"info"}
{"message":"Server running on http://localhost:3000","level":"info"}
{"message":"Server running on http://localhost:3000","level":"info"}
{"message":"Server running on http://localhost:3000","level":"info"}
{"message":"Server running on http://localhost:3000","level":"info"}
{"message":"Server running on http://localhost:3000","level":"info"}
{"message":"Server running on http://localhost:3000","level":"info"}
{"message":"Server running on http://localhost:3000","level":"info"}
{"message":"Server running on http://localhost:3000","level":"info"}
{"code":"PROTOCOL_ENQUEUE_AFTER_QUIT","fatal":false,"level":"error"}
{"message":"Database created","level":"info"}
{"message":"Server running on http://localhost:3000","level":"info"}
{"code":"PROTOCOL_ENQUEUE_AFTER_QUIT","fatal":false,"level":"error"}
{"message":"Database created","level":"info"}
{"message":"Server running on http://localhost:3000","level":"info"}
{"message":"Database created","level":"info"}
{"message":"Server running on http://localhost:3000","level":"info"}
{"message":"Database created","level":"info"}
{"message":"Server running on http://localhost:3000","level":"info"}
{"code":"ER_DB_CREATE_EXISTS","errno":1007,"sqlMessage":"Can't create database 'bike_db'; database exists","sqlState":"HY000","index":0,"sql":"CREATE DATABASE bike_db","level":"error"}
{"level":"info","message":"Database created"}
{"message":"Server running on http://localhost:3000","level":"info"}
{"fieldCount":0,"affectedRows":1,"insertId":0,"serverStatus":2,"warningCount":1,"message":"Database created","protocol41":true,"changedRows":0,"level":"info"}
{"message":"Server running on http://localhost:3000","level":"info"}
{"message":"Database created","level":"info"}
{"message":"Server running on http://localhost:3000","level":"info"}
{"message":"Database connected","level":"info"}
{"message":"Server running on http://localhost:3000","level":"info"}
{"message":"Database connected","level":"info"}
{"message":"Server running on http://localhost:3000","level":"info"}
{"message":"Server running on http://localhost:3000","level":"info"}
{"message":"Database connected","level":"info"}
{"message":"Server running on http://localhost:3000","level":"info"}
{"message":"Server running on http://localhost:3000","level":"info"}
{"message":"Database connected","level":"info"}
{"message":"Server running on http://localhost:3000","level":"info"}
{"message":"Database connected","level":"info"}
{"message":"Server running on http://localhost:3000","level":"info"}
{"message":"Database connected","level":"info"}
{"message":"Server running on http://localhost:3000","level":"info"}
{"message":"Database connected","level":"info"}
{"message":"Server running on http://localhost:3000","level":"info"}
{"message":"Database connected","level":"info"}
{"message":"Server running on http://localhost:3000","level":"info"}
{"message":"Database connected","level":"info"}
{"message":"Server running on http://localhost:3000","level":"info"}
{"message":"Database connected","level":"info"}
{"message":"Server running on http://localhost:3000","level":"info"}
{"message":"Database connected","level":"info"}
{"message":"Server running on http://localhost:3000","level":"info"}
{"message":"Database connected","level":"info"}
{"message":"Server running on http://localhost:3000","level":"info"}
{"message":"Database connected","level":"info"}
{"message":"Server running on http://localhost:3000","level":"info"}
{"message":"Database connected","level":"info"}
{"message":"Server running on http://localhost:3000","level":"info"}
{"message":"Database connected","level":"info"}
{"message":"Server running on http://localhost:3000","level":"info"}
{"message":"Database connected","level":"info"}
{"message":"Server running on http://localhost:3000","level":"info"}
{"message":"Database connected","level":"info"}
{"message":"Server running on http://localhost:3000","level":"info"}
{"message":"Database connected","level":"info"}
{"message":"Server running on http://localhost:3000","level":"info"}
{"message":"Database connected","level":"info"}
{"message":"Server running on http://localhost:3000","level":"info"}
{"message":"Database connected","level":"info"}
{"message":"Server running on http://localhost:3000","level":"info"}
{"message":"Database connected","level":"info"}
{"message":"Server running on http://localhost:3000","level":"info"}
{"message":"Database connected","level":"info"}
{"message":"Server running on http://localhost:3000","level":"info"}
{"message":"Database connected","level":"info"}
{"message":"Server running on http://localhost:3000","level":"info"}
{"message":"Database connected","level":"info"}
{"message":"Server running on http://localhost:3000","level":"info"}
{"message":"Database connected","level":"info"}
{"message":"Server running on http://localhost:3000","level":"info"}
{"message":"Database connected","level":"info"}
{"message":"Server running on http://localhost:3000","level":"info"}
{"message":"Database connected","level":"info"}
{"message":"Server running on http://localhost:3000","level":"info"}
{"message":"Database connected","level":"info"}
{"message":"Server running on http://localhost:3000","level":"info"}
{"message":"Database connected","level":"info"}
{"message":"Server running on http://localhost:3000","level":"info"}
{"message":"Database connected","level":"info"}
{"message":"Server running on http://localhost:3000","level":"info"}
{"message":"Database connected","level":"info"}
{"message":"Server running on http://localhost:3000","level":"info"}
{"message":"Database connected","level":"info"}
{"message":"Server running on http://localhost:3000","level":"info"}
{"message":"Database connected","level":"info"}
{"message":"Server running on http://localhost:3000","level":"info"}
{"message":"Database connected","level":"info"}
{"message":"Server running on http://localhost:3000","level":"info"}
{"message":"Database connected","level":"info"}
{"message":"Server running on http://localhost:3000","level":"info"}
{"message":"Database connected","level":"info"}
{"message":"Server running on http://localhost:3000","level":"info"}
{"message":"Database connected","level":"info"}
{"message":"Server running on http://localhost:3000","level":"info"}
{"message":"Database connected","level":"info"}
{"message":"Server running on http://localhost:3000","level":"info"}
{"message":"Database connected","level":"info"}
{"message":"Server running on http://localhost:3000","level":"info"}
{"message":"Database connected","level":"info"}
{"message":"Server running on http://localhost:3000","level":"info"}
{"message":"Database connected","level":"info"}
{"message":"Server running on http://localhost:3000","level":"info"}
{"message":"Database connected","level":"info"}
{"message":"Server running on http://localhost:3000","level":"info"}
{"message":"Database connected","level":"info"}
{"message":"Server running on http://localhost:3000","level":"info"}
{"message":"Database connected","level":"info"}
{"message":"Server running on http://localhost:3000","level":"info"}
{"message":"Database connected","level":"info"}
{"message":"Server running on http://localhost:3000","level":"info"}
{"message":"Database connected","level":"info"}
{"message":"Server running on http://localhost:3000","level":"info"}
{"message":"Database connected","level":"info"}
{"message":"Server running on http://localhost:3000","level":"info"}
{"message":"Database connected","level":"info"}
{"message":"Server running on http://localhost:3000","level":"info"}
{"message":"Database connected","level":"info"}
